2019-03-17 16:12:06.830  INFO DE-ADN-3KD91G2 --- [           main] d.a.t.App                                : Starting App on DE-ADN-3KD91G2 with PID 6432 (C:\dev\sourcen\BootJSFWildFly\target\classes started by hayber in C:\dev\sourcen\BootJSFWildFly)
2019-03-17 16:12:06.838  INFO DE-ADN-3KD91G2 --- [           main] d.a.t.App                                : No active profile set, falling back to default profiles: default
2019-03-17 16:12:07.571  INFO DE-ADN-3KD91G2 --- [           main] .s.d.r.c.RepositoryConfigurationDelegate : Bootstrapping Spring Data repositories in DEFAULT mode.
2019-03-17 16:12:07.601  INFO DE-ADN-3KD91G2 --- [           main] .s.d.r.c.RepositoryConfigurationDelegate : Finished Spring Data repository scanning in 19ms. Found 0 repository interfaces.
2019-03-17 16:12:08.592  INFO DE-ADN-3KD91G2 --- [           main] trationDelegate$BeanPostProcessorChecker : Bean 'org.springframework.transaction.annotation.ProxyTransactionManagementConfiguration' of type [org.springframework.transaction.annotation.ProxyTransactionManagementConfiguration$$EnhancerBySpringCGLIB$$6cfca2ab] is not eligible for getting processed by all BeanPostProcessors (for example: not eligible for auto-proxying)
2019-03-17 16:12:08.618  INFO DE-ADN-3KD91G2 --- [           main] trationDelegate$BeanPostProcessorChecker : Bean 'org.joinfaces.autoconfigure.javaxfaces.JsfBeansAutoConfiguration$Jsf2_3AutoConfiguration' of type [org.joinfaces.autoconfigure.javaxfaces.JsfBeansAutoConfiguration$Jsf2_3AutoConfiguration$$EnhancerBySpringCGLIB$$7d17ec60] is not eligible for getting processed by all BeanPostProcessors (for example: not eligible for auto-proxying)
2019-03-17 16:12:08.622  INFO DE-ADN-3KD91G2 --- [           main] trationDelegate$BeanPostProcessorChecker : Bean 'org.joinfaces.autoconfigure.javaxfaces.JsfBeansAutoConfiguration' of type [org.joinfaces.autoconfigure.javaxfaces.JsfBeansAutoConfiguration$$EnhancerBySpringCGLIB$$31467166] is not eligible for getting processed by all BeanPostProcessors (for example: not eligible for auto-proxying)
2019-03-17 16:12:09.401  INFO DE-ADN-3KD91G2 --- [           main] o.s.b.w.e.t.TomcatWebServer              : Tomcat initialized with port(s): 0 (http)
2019-03-17 16:12:09.419  INFO DE-ADN-3KD91G2 --- [           main] o.a.c.h.Http11NioProtocol                : Initializing ProtocolHandler ["http-nio-auto-1"]
2019-03-17 16:12:09.431  INFO DE-ADN-3KD91G2 --- [           main] o.a.c.c.StandardService                  : Starting service [Tomcat]
2019-03-17 16:12:09.432  INFO DE-ADN-3KD91G2 --- [           main] o.a.c.c.StandardEngine                   : Starting Servlet engine: [Apache Tomcat/9.0.16]
2019-03-17 16:12:09.445  INFO DE-ADN-3KD91G2 --- [           main] o.a.c.c.AprLifecycleListener             : The APR based Apache Tomcat Native library which allows optimal performance in production environments was not found on the java.library.path: [C:\Program Files\Java\jdk1.8.0_131\bin;C:\WINDOWS\Sun\Java\bin;C:\WINDOWS\system32;C:\WINDOWS;C:/Program Files/Java/jdk1.8.0_131/jre/bin/server;C:/Program Files/Java/jdk1.8.0_131/jre/bin;C:/Program Files/Java/jdk1.8.0_131/jre/lib/amd64;C:\Program Files\Docker\Docker\Resources\bin;C:\Program Files (x86)\Common Files\Oracle\Java\javapath;C:\ProgramData\Oracle\Java\javapath;C:\Program Files (x86)\NVIDIA Corporation\PhysX\Common;C:\WINDOWS\system32;C:\WINDOWS;C:\WINDOWS\System32\Wbem;C:\WINDOWS\System32\WindowsPowerShell\v1.0\;C:\Program Files\MySQL\MySQL Utilities 1.6\;C:\Users\hayber\Downloads\spring-boot-cli-1.5.3.RELEASE-bin\spring-1.5.3.RELEASE\bin;C:\Program Files\Microsoft SQL Server\Client SDK\ODBC\110\Tools\Binn\;C:\Program Files (x86)\Microsoft SQL Server\120\Tools\Binn\ManagementStudio\;C:\Program Files (x86)\Microsoft SQL Server\120\Tools\Binn\;C:\Program Files\Microsoft SQL Server\120\Tools\Binn\;C:\Program Files (x86)\Microsoft SQL Server\120\DTS\Binn\;C:\Program Files\Microsoft SQL Server\120\DTS\Binn\;C:\Program Files\PuTTY\;C:\Program Files (x86)\Skype\Phone\;C:\Program Files\Git\cmd;C:\Program Files\Git\mingw64\bin;C:\Program Files\Git\usr\bin;C:\Program Files\nodejs\;C:\Program Files\Microsoft VS Code\bin;C:\Program Files\NVIDIA Corporation\NVIDIA NvDLISR;C:\Program Files\Apache\maven\bin;C:\Users\hayber\AppData\Local\Microsoft\WindowsApps;C:\Program Files\Microsoft VS Code\bin;C:\Users\hayber\AppData\Roaming\npm;C:\Users\hayber\AppData\Local\Microsoft\WindowsApps;;C:\Users\hayber\AppData\Local\Programs\Microsoft VS Code\bin;C:\WINDOWS\System32;;.]
2019-03-17 16:12:09.759  INFO DE-ADN-3KD91G2 --- [           main] o.a.j.s.TldScanner                       : At least one JAR was scanned for TLDs yet contained no TLDs. Enable debug logging for this logger for a complete list of JARs that were scanned but no TLDs were found in them. Skipping unneeded JARs during scanning can improve startup time and JSP compilation time.
2019-03-17 16:12:09.774  INFO DE-ADN-3KD91G2 --- [           main] o.a.c.c.C.[.[.[/buri]                    : Initializing Spring embedded WebApplicationContext
2019-03-17 16:12:09.775  INFO DE-ADN-3KD91G2 --- [           main] o.s.w.c.ContextLoader                    : Root WebApplicationContext: initialization completed in 2848 ms
2019-03-17 16:12:11.926  INFO DE-ADN-3KD91G2 --- [           main] vletContainerInitializerRegistrationBean : Resolving classes for com.sun.faces.config.FacesInitializer took 1.646s
2019-03-17 16:12:11.988  INFO DE-ADN-3KD91G2 --- [           main] j.e.r.w.j.config                         : Mojarra 2.3.8 ( 20181116-0037 55af8b79ca53ec2df566f9c08a430259d30f9ba5) für Kontext '/buri' wird initialisiert.
2019-03-17 16:12:12.274  INFO DE-ADN-3KD91G2 --- [           main] j.e.r.w.j.application                    : JSF1048: PostConstruct/PreDestroy-Annotationen vorhanden.  Verwaltete Bean-Methoden, die mit diesen Annotationen markiert sind, lassen die entsprechenden Annotationen verarbeiten.
2019-03-17 16:12:13.093  INFO DE-ADN-3KD91G2 --- [           main] .w.PostConstructApplicationEventListener : Running on PrimeFaces 6.2
2019-03-17 16:12:13.095  INFO DE-ADN-3KD91G2 --- [           main] .a.PostConstructApplicationEventListener : Running on PrimeFaces Extensions 6.2.10
2019-03-17 16:12:13.178  INFO DE-ADN-3KD91G2 --- [           main] c.z.h.HikariDataSource                   : HikariPool-1 - Starting...
2019-03-17 16:12:13.349  INFO DE-ADN-3KD91G2 --- [           main] c.z.h.HikariDataSource                   : HikariPool-1 - Start completed.
2019-03-17 16:12:13.403  INFO DE-ADN-3KD91G2 --- [           main] o.h.j.i.u.LogHelper                      : HHH000204: Processing PersistenceUnitInfo [
	name: default
	...]
2019-03-17 16:12:13.688  INFO DE-ADN-3KD91G2 --- [           main] o.h.Version                              : HHH000412: Hibernate Core {5.3.7.Final}
2019-03-17 16:12:13.690  INFO DE-ADN-3KD91G2 --- [           main] o.h.c.Environment                        : HHH000206: hibernate.properties not found
2019-03-17 16:12:13.871  INFO DE-ADN-3KD91G2 --- [           main] o.h.a.c.Version                          : HCANN000001: Hibernate Commons Annotations {5.0.4.Final}
2019-03-17 16:12:14.079  INFO DE-ADN-3KD91G2 --- [           main] o.h.d.Dialect                            : HHH000400: Using dialect: org.hibernate.dialect.H2Dialect
2019-03-17 16:12:14.825  INFO DE-ADN-3KD91G2 --- [           main] j.LocalContainerEntityManagerFactoryBean : Initialized JPA EntityManagerFactory for persistence unit 'default'
2019-03-17 16:12:14.971  INFO DE-ADN-3KD91G2 --- [           main] d.a.t.SecurityConfig                     : Bin da
2019-03-17 16:12:15.113  INFO DE-ADN-3KD91G2 --- [           main] o.s.s.w.DefaultSecurityFilterChain       : Creating filter chain: any request, [org.springframework.security.web.context.request.async.WebAsyncManagerIntegrationFilter@582ea164, org.springframework.security.web.context.SecurityContextPersistenceFilter@6fd97fd1, org.springframework.security.web.header.HeaderWriterFilter@72a0a60d, org.springframework.security.web.authentication.logout.LogoutFilter@7cd25bf5, org.springframework.security.web.authentication.UsernamePasswordAuthenticationFilter@42ef5216, org.springframework.security.web.savedrequest.RequestCacheAwareFilter@7bdb4d69, org.springframework.security.web.servletapi.SecurityContextHolderAwareRequestFilter@6247c08c, org.springframework.security.web.authentication.AnonymousAuthenticationFilter@2fccf49e, org.springframework.security.web.session.SessionManagementFilter@85c3522, org.springframework.security.web.access.ExceptionTranslationFilter@38caad07, org.springframework.security.web.access.intercept.FilterSecurityInterceptor@58ac0823]
2019-03-17 16:12:15.346  INFO DE-ADN-3KD91G2 --- [           main] o.s.s.c.ThreadPoolTaskExecutor           : Initializing ExecutorService 'applicationTaskExecutor'
2019-03-17 16:12:15.915  INFO DE-ADN-3KD91G2 --- [           main] o.s.b.a.e.w.EndpointLinksResolver        : Exposing 2 endpoint(s) beneath base path '/actuator'
2019-03-17 16:12:16.011  INFO DE-ADN-3KD91G2 --- [           main] o.a.c.h.Http11NioProtocol                : Starting ProtocolHandler ["http-nio-auto-1"]
2019-03-17 16:12:16.051  INFO DE-ADN-3KD91G2 --- [           main] o.s.b.w.e.t.TomcatWebServer              : Tomcat started on port(s): 59130 (http) with context path '/buri'
2019-03-17 16:12:16.055  INFO DE-ADN-3KD91G2 --- [           main] d.a.t.App                                : Started App in 9.618 seconds (JVM running for 10.708)
